10 1900 7005 5137 9504 5656 2756 8056 4612 3932 265 
19 837 4094 1335 1992 5299 5113 1543 8382 4733 4601 2696 4090 7207 4282 7463 6799 5991 9266 6701 
18 48 4377 2949 190 9393 1066 8351 483 6048 2578 1620 9992 4981 1123 5971 2718 4418 2019 
18 2009 3156 7318 6783 2432 4833 9003 672 8112 6971 7569 4642 3606 8184 7945 5922 9200 5664 
16 303 7429 8630 5192 7475 3869 3972 225 5868 2110 8225 2390 6196 8967 6611 2623 
15 4839 5497 8292 2920 4309 9976 423 8642 8243 9226 1897 4003 9925 1618 5930 
13 445 8518 4379 2356 9254 6466 3364 8075 5901 338 2176 8592 3902 
15 3580 9084 84 88 6296 7965 169 8378 6188 7493 1774 3601 7716 3434 4678 
16 8703 5018 6135 8175 4665 4742 8310 9846 1912 5473 5990 1245 4411 341 9808 731 
14 1138 4435 677 945 2571 2465 5335 4017 4247 8023 9421 6900 7227 1195 
17 4059 3444 1815 7399 530 8146 8236 8555 1475 7120 8477 4318 6745 6180 5385 7721 6464 
15 606 2296 1305 8978 2934 9707 7171 4653 8826 6002 4050 1529 5338 7031 4916 
12 7936 7320 4184 5440 4171 4525 8229 7701 2291 499 9553 7015 
14 9888 1209 1492 9401 7928 32 187 1257 8799 3065 1902 7575 4165 504 
15 6807 1993 2106 9627 9164 896 553 9303 5442 5875 3578 2378 4180 1919 1663 
15 9913 3253 5693 6412 2060 4034 7915 6519 4128 2395 9763 38 735 8487 8552 
14 9256 3607 9514 8133 4659 5970 3790 9139 4699 4520 5526 844 738 1701 
15 9675 8271 4885 7249 5668 3442 4895 779 9871 7847 9449 4431 2195 8389 2772 
14 7952 6654 1315 2519 1465 1845 2275 342 7266 6638 873 261 9340 5975 
13 2576 7293 3572 2135 5751 3373 9623 4002 4154 2979 1105 5986 2354 
15 1664 9698 1438 9851 1515 8219 2651 3513 9720 9838 7929 396 5983 8567 1454 
12 3457 6110 2147 8059 4494 2108 3859 6201 6574 8071 1703 5363 
15 9020 9544 6765 3840 7253 629 9370 3463 9640 9228 3193 1070 8974 8168 56 
11 268 3236 5890 1757 3958 8686 2893 9191 1106 306 188 
18 6115 1528 8149 8024 7975 9314 5766 7837 9752 4170 2776 9658 930 1651 5151 4952 8141 710 
14 920 3527 1635 9267 8803 376 3675 6248 4843 2244 2635 5371 8525 5969 
18 7640 6794 5510 5090 7190 4021 3203 8444 3877 1355 9972 4105 6593 2741 4073 9908 6696 4606 
14 7270 3055 3051 7134 5289 3772 2600 5120 2857 5694 5487 5345 3892 5571 
18 5445 3743 9852 3017 5601 3622 2141 6029 3451 8616 3547 7125 6797 7652 101 960 7244 2736 
16 1978 5744 4848 2056 208 775 4031 9362 2250 2386 9082 851 515 1670 8561 4324 
15 3988 6780 3951 6069 7956 3133 2366 3753 6000 3038 3292 5610 9260 7388 2698 
15 8329 3329 5205 1503 7759 462 501 8715 6703 622 97 6511 3268 5644 4142 
14 769 6456 6150 2735 3398 7118 523 7422 4772 7636 4297 7668 1165 1135 
15 6901 6694 6457 4349 8128 1189 4767 8261 1252 3338 7633 2173 7265 1362 1849 
17 7070 9523 6656 9768 3200 7692 8737 5465 7490 6122 8273 2754 6608 7271 1229 2331 5705 
16 700 3471 4414 4761 3112 1441 2072 76 7645 2626 5503 9247 4055 4262 7225 5533 
14 1178 9412 1830 6024 1101 8640 9187 4384 3228 1889 8004 9040 6553 605 
16 5424 7229 6404 3024 4225 378 2675 6987 2455 7312 1199 813 7275 2437 756 3128 
17 4214 9935 9691 1200 7685 7092 156 4167 4150 5240 9278 6629 9348 4505 4797 6992 5118 
16 9216 3333 4437 4080 7710 159 9313 1771 1345 8560 7282 6802 1197 8655 804 3497 
15 157 19 7553 975 568 6098 8901 315 85 3173 9547 5129 3882 5924 2389 
17 222 6044 7329 6265 4028 8191 4328 4104 6939 3524 3454 4539 2484 1807 1899 3998 8517 
15 4894 5358 6875 4020 8671 5861 3584 9022 199 1532 6910 3137 6949 3896 4442 
13 8509 5517 5282 823 1422 7931 4141 8932 8189 1603 80 9204 7362 
14 9581 6269 7104 8448 4914 4969 7609 239 3565 9436 3764 4081 7084 1973 
14 8204 2788 565 9042 5713 8664 2078 9988 5451 2412 8092 3423 4267 5274 
13 2581 3616 1349 5899 2910 8573 2665 4232 7028 4107 1289 5928 4941 
16 6952 1447 400 6710 6570 3770 8801 9847 3879 9886 2875 8643 2485 8095 269 3911 
16 2917 585 3257 1995 6438 8118 5967 9513 5043 6601 3489 5005 9933 8574 5936 5002 
15 4679 7585 9757 3090 6393 3267 6062 1132 2688 4263 9758 7369 6546 6691 8527 
13 8578 2883 4958 1220 7900 3377 1496 1394 7101 7728 4647 9434 2131 
16 9305 297 5227 1593 6547 1613 6677 8447 7446 1051 8081 8288 6950 7845 2929 108 
12 7913 533 9202 7576 6562 2424 4806 867 9110 8125 4065 2113 
16 1867 9901 8736 200 9625 8190 6746 7823 1047 2899 4405 531 3803 4814 1014 1865 
13 273 61 7198 4935 3375 1079 6237 9319 3424 541 6908 3321 5720 
18 1888 8587 3005 3067 6711 8085 8167 1589 1800 1587 6366 4159 2901 7674 3777 8270 3327 6981 
15 3103 3410 8699 9805 9549 9466 6630 6670 4396 2179 1513 1499 7200 5737 9129 
15 4637 2531 6304 119 986 7445 2082 9283 4607 3271 151 8287 5732 1292 3256 
12 6916 2774 627 1313 2999 4724 893 9923 812 3999 4070 1290 
15 7957 3025 8557 6410 8989 4713 9526 6120 2077 2589 1023 6347 9905 110 7300 
16 3549 7911 1372 9965 5719 9068 2453 2402 575 6927 183 870 8812 3142 4460 9840 
15 4687 7357 3603 3047 921 138 4654 1655 244 6066 5260 6754 7336 7131 8862 
12 4829 7934 5576 1799 5892 9195 2129 8659 9408 5186 9587 5773 
17 1273 610 9974 4794 3445 3435 9505 5208 1024 7197 1628 740 8241 4508 2962 7604 1576 
15 961 5402 3197 5049 57 6026 7816 1568 4782 5702 9512 8562 2380 7910 2541 
14 203 7572 1557 300 4206 7920 6625 886 624 2447 984 3561 205 2858 
18 7657 117 3168 6189 2784 825 6182 1494 4302 918 8343 3124 1431 3757 2403 2514 5242 9674 
15 3371 7993 8832 7442 549 599 9934 1324 8597 8760 2580 5670 6386 932 3000 
17 6822 4307 8342 6735 7557 8155 853 4078 9968 6896 5093 3717 1474 1444 5475 4808 82 
9 6724 271 474 942 5193 6596 645 9651 9927 
15 6695 7141 2603 328 4980 6402 1560 9778 7140 9300 456 9828 6557 3676 3252 
16 8406 2507 2123 1240 1111 2695 8072 1534 7236 933 6905 7890 8514 5 855 6229 
17 6228 9996 7465 8856 4704 4327 7366 6138 1667 9774 8334 3136 1331 2789 1026 2879 9451 
15 6418 8370 417 2217 8631 9219 2791 9072 8099 4123 3155 7571 6542 2080 1909 
15 2278 1609 6053 656 1311 1944 2799 5393 7407 5541 1310 684 5413 5623 1404 
15 8484 5856 2783 7438 9133 4072 9657 6716 2247 3738 9352 5795 1103 4288 4510 
18 2986 6139 7230 4112 6922 753 6698 6067 47 1340 6413 1876 2584 2102 4313 2088 3301 9764 
12 3654 92 3735 7799 1796 7630 9462 3649 3018 3165 6759 5147 
14 8559 2166 7430 6023 2673 4677 2335 3583 9075 1551 5080 8759 1183 3609 
15 4071 6913 4648 497 1346 3157 8277 498 7631 2348 3164 3610 3217 3529 8405 
14 7499 8262 1674 8784 511 6101 2292 7763 6263 6085 1037 8366 912 4240 
10 8890 9538 6805 6379 527 6261 6808 2777 6636 1027 
11 5727 4910 3411 6119 772 5998 1980 9246 4764 3647 1822 
13 4984 6239 6575 5087 4532 5143 9405 5958 3865 4478 3479 5156 8788 
11 519 3546 7471 9078 8795 6784 8945 3510 3459 3358 9431 
16 394 5948 2436 3821 6742 9610 1862 2907 7064 6213 137 96 1464 4559 7221 7242 
13 2720 3294 9306 3544 5234 1511 550 7287 7793 8903 9019 5401 7767 
14 5086 9347 6206 854 3778 1176 3317 9112 5520 4870 5303 3822 4333 8893 
12 768 8711 6244 7234 7004 9813 7361 1860 1421 6651 6317 8704 
15 8787 6123 7314 6076 1725 4068 3947 7217 8745 7177 4824 6236 4434 8386 6315 
14 8435 277 856 1968 1309 2601 2429 4776 5222 3213 6549 2616 4458 1952 
14 6831 666 8955 7555 4111 5172 7762 5375 9027 725 7592 2034 5570 4923 
13 734 8203 6220 1565 5907 4825 3938 8546 5007 4917 1811 1983 472 
14 4693 4455 6338 381 7477 6579 9038 6078 6816 3216 2633 3353 1964 2265 
16 3281 109 9274 956 7494 8694 9192 1353 2942 5340 4098 5642 426 4610 9664 437 
15 5235 9733 5721 8868 6132 196 6474 2231 3072 878 4026 3592 822 3734 5978 
14 9550 1054 1386 3629 1193 951 4366 4314 6747 9236 3078 2721 9371 5339 
14 2538 3129 3585 8367 5695 3146 2935 9388 3139 6009 5498 9124 1903 4401 
17 6706 6424 5387 206 7243 1627 9035 7048 9433 529 9288 4947 2368 1068 5223 1476 556 
15 3555 4428 6307 9654 6216 3122 3314 93 8324 4714 9103 9403 3587 5634 4735 
13 1097 7862 6003 1863 9561 4866 3925 2539 2958 7662 186 87 9740 
15 9670 7677 6718 9134 147 5306 663 3261 4093 9400 9899 9618 1391 5645 13 
13 489 1984 3739 6172 15 5710 6059 9928 1875 414 8483 3724 4057 
14 3855 6361 7319 950 6399 463 6961 9649 3731 8039 8231 6688 8734 8888 
12 6804 2881 7041 1644 5201 3462 4406 7383 3810 581 4897 7382 
14 5716 7768 8614 6639 7103 2829 9671 1429 7867 2956 2452 4083 642 1462 
13 5654 9869 8445 8996 4099 5045 4549 2715 4710 6866 4780 5750 1764 
14 311 3830 7994 5809 9141 4555 8761 7962 9853 7651 3759 2522 4945 9971 
14 4346 2838 2566 7884 3418 1271 3396 1281 4921 6680 1787 2057 595 7408 
15 2316 9137 5887 100 3531 2467 3512 8214 3992 9080 3725 3594 4403 2683 1642 
14 3692 3758 1869 830 3057 6476 2972 7341 8609 7860 5317 7638 9445 4868 
15 24 6004 1986 9819 7693 9015 8682 370 7933 524 5038 6510 4745 6035 5889 
12 563 4502 9345 5866 5426 6839 4008 4718 636 8963 6785 4887 
15 3245 1090 41 4115 7263 711 2737 8591 9355 643 5107 6506 1763 5989 953 
15 6849 5089 7554 102 2706 2622 3783 3476 3141 4561 7306 8513 5357 9604 3787 
9 3540 3188 9450 9952 6864 1121 5690 9459 1456 
13 8489 8104 4153 3270 5853 1480 7647 3108 9150 9229 3428 4317 2886 
12 2357 1267 3468 1752 448 5187 1709 8016 2500 9051 5923 6931 
14 3564 8586 3786 9705 422 560 3425 7102 2497 9043 1498 6838 4283 5344 
15 8675 1512 9559 8681 2585 934 7525 3989 6741 9469 542 4351 7880 18 9700 
15 9411 5615 1530 4507 617 8782 8134 3123 7321 6042 4746 2607 8109 6673 1522 
16 6607 3208 5025 6141 1745 8028 2439 9297 5915 6643 3406 2903 3509 3150 1148 7977 
15 4842 7186 4233 6327 6222 1660 5794 1913 2653 2834 7505 8764 4222 5207 1284 
12 9864 9464 380 8864 4854 1057 8283 4521 884 5319 1398 3994 
13 3693 3976 7373 992 8956 5417 5366 8440 6253 9593 8031 1172 3956 
12 1866 211 2260 355 7912 5158 4930 1779 7761 5081 4943 4991 
15 1269 3426 3420 4593 8869 7045 3077 7870 2938 774 969 6798 7500 8385 4251 
17 3817 5598 3148 2520 9806 9071 2480 3469 150 4884 5391 5103 4740 53 9783 8090 7302 
14 9626 2512 3605 2385 799 6255 8143 4372 6326 907 359 9893 8096 7719 
14 4948 6851 6536 1215 6902 852 4024 7370 8159 358 5221 7658 6028 7079 
15 7116 4661 9680 4585 1864 1104 5540 7164 4423 1179 4915 4999 6421 8522 8523 
15 5324 3891 3816 3414 64 6757 1685 9566 433 6897 2256 6225 8442 6760 7261 
14 6786 615 5678 2661 5160 7614 7180 6290 2031 6778 5384 860 6145 5138 
16 3170 6202 2245 1835 4756 7654 8285 7829 3262 2762 3912 2800 2047 1303 1467 4339 
14 3849 7690 241 8585 7594 5262 3083 997 9963 3575 8983 1059 3627 7667 
13 8792 9511 9564 3623 6571 1453 8148 6102 7552 7729 5420 8356 4252 
14 2941 8588 4544 91 193 8073 6803 7503 7971 6091 2282 2985 7427 3346 
15 5406 3068 3036 6618 5064 35 682 6462 5133 4597 1765 1468 7981 1696 2638 
16 2559 1170 513 1908 5628 8644 6642 7000 6398 2431 1072 6682 5139 3095 3244 9119 
14 9325 7088 892 3632 3732 7988 8551 9681 7502 5031 8599 555 5022 2188 
12 6502 6403 9127 3394 3490 3450 2323 2947 972 4148 4126 613 
11 8708 4194 284 9138 9729 3436 7922 826 9225 364 3273 
13 1874 704 1595 724 6989 9136 6331 6446 9665 9324 4721 6118 5683 
12 2828 3541 8653 1160 864 5548 2119 7790 9662 5236 8015 3113 
13 4056 8158 5189 5955 9429 2107 4720 5600 8450 3828 2071 8845 6143 
12 6160 2026 4973 9842 4347 4940 2314 8796 2831 3339 6142 2346 
13 4706 502 6652 444 5933 7666 5584 2957 8359 8857 7317 4316 1318 
13 7406 6293 175 1584 9209 3970 1275 5981 8003 3201 4146 7776 5814 
12 8086 719 5782 5308 3811 3130 6856 1405 9074 2194 7416 1732 
15 6199 4421 5602 4355 65 1387 6422 3101 4560 1243 4616 5871 8473 9955 3081 
13 7612 166 2973 3542 5287 6041 2537 6008 1907 1208 3460 3624 8677 
14 2536 9282 4826 3190 9817 1443 1460 9917 7260 7462 3399 9667 4517 1760 
12 6039 2686 8804 4113 3845 3009 2153 6734 3782 3823 8014 9509 
11 6252 5771 761 4792 2234 3251 5210 4345 2085 350 4329 
15 8055 3176 4815 4139 2184 1592 8259 4686 4942 1717 3308 4131 6720 8165 1341 
13 1228 2511 3795 6809 649 8373 5698 2771 5858 5166 1766 977 3115 
14 4536 8449 419 9477 2919 9031 6200 5593 5537 67 7387 9470 2872 3255 
12 9121 8062 4965 9574 6503 3307 928 7259 3948 42 9659 6958 
12 2963 8338 7174 6956 6909 2444 8298 8246 8688 1516 7684 6289 
14 375 8458 2293 5516 6133 2393 2151 3461 9882 7501 4748 5725 3131 9032 
14 3196 4630 2181 1109 9912 6921 728 6874 1314 2837 7187 1440 6568 2493 
13 1794 1363 1601 5409 3901 7065 9033 112 7546 687 7367 2647 778 
16 8728 8302 8462 2112 4063 1930 7148 7278 6963 2017 5220 5013 3868 1824 4402 4269 
14 9207 1773 8157 9037 3646 9106 2731 7807 8917 7680 8579 5096 1906 2594 
15 7188 7428 7196 9156 6437 6512 5567 1008 732 8415 9748 9708 2262 7029 5607 
14 9166 2711 4228 8882 7903 8767 1791 1509 2504 3116 6313 2192 5233 722 
16 2869 7451 5477 922 5241 6218 2383 9190 2198 4802 7510 4543 9715 4067 2987 9126 
11 8425 2742 6430 8652 7712 3802 8835 310 6146 3405 393 
15 9087 4657 9761 7558 6566 3316 5838 173 561 7573 5171 351 185 5470 2032 
11 8773 655 8529 7515 4515 8693 209 979 9839 6463 1641 
12 4511 69 8379 1364 2782 232 8995 4890 1780 7419 5867 5894 
14 5381 6485 1625 6645 7162 7764 6529 6923 4635 5530 2328 1806 3376 2158 
16 8102 7129 9947 6537 1710 8007 4246 5367 7220 8695 1423 6259 7258 6653 36 9786 
12 2384 8412 8486 2089 7043 4658 2401 7856 6928 7717 2631 4261 
13 3697 6740 6942 2781 374 7381 601 2702 6925 6337 7895 5000 594 
17 6381 4882 5060 9316 1550 7246 9731 4594 618 8548 2479 5382 1737 6906 287 3001 3702 
16 4855 1384 1100 6186 1430 2377 8505 3722 1455 4441 2684 3553 5097 1926 1991 3671 
15 5717 726 1527 2577 9394 2556 5464 6425 4085 4801 676 3152 4168 9063 6500 
13 4143 9291 7346 9265 9238 216 7176 3893 1169 2471 2915 9014 3690 
16 7040 6329 210 1263 4195 1348 1967 916 1218 1879 4336 2997 4086 5178 6014 8087 
15 9140 7114 8566 2036 9546 4907 4365 6025 3007 5167 801 7875 4454 4463 1654 
16 9409 2912 1323 9890 8747 6893 6426 8534 8094 1647 1604 8136 1814 3056 3448 3558 
12 5649 4410 4643 9151 4821 4035 8530 8247 3429 9036 604 5687 
13 1735 9820 5295 4450 6641 3053 9395 5674 2209 5843 7995 2864 1043 
13 2313 7889 9926 6739 3366 6484 3174 2230 2284 7679 8258 6276 1555 
13 9619 3655 5507 633 8984 5380 6764 3049 7298 4439 2003 2689 5280 
14 7861 6843 7704 95 9199 8239 9052 1920 9442 8844 9647 940 4701 6490 
10 8758 5332 2809 5040 6833 8855 1896 7627 9418 6827 
14 4873 842 9503 172 5069 7456 280 4990 104 991 7212 6129 2237 6233 
12 7020 1843 7548 3393 7334 6128 6513 9392 6299 3194 2370 5974 
13 554 4959 5686 7019 3044 409 3556 6475 6006 891 7596 5458 5474 
16 3030 5218 8979 8786 5012 7135 4689 2599 6163 1255 3748 8811 5353 1337 6187 4145 
13 3276 9685 1777 3530 4224 9270 6674 223 8987 6369 6017 3242 879 
12 3409 6903 9617 6491 8502 4274 1597 786 3967 909 9946 8303 
15 3239 1630 439 1910 2543 5386 3534 4489 4258 6953 4535 6275 9802 1180 5774 
15 8213 6924 3066 4205 4353 6888 2714 2128 5962 1781 5951 5216 5956 9193 8166 
12 8962 1784 9255 2015 3181 5704 1307 2341 5315 9318 362 9775 
14 1227 718 1222 9165 5356 4628 8020 8431 6442 5963 3678 2582 2258 5508 
14 9090 2992 2981 4062 9800 8970 1746 4712 2232 4552 3296 6396 163 142 
13 1605 4109 2305 3477 4888 6885 935 5779 408 9062 2302 539 9360 
13 4208 5554 3875 2464 6121 5523 1518 6806 9333 1856 882 6684 944 
15 7864 5746 1010 8637 7211 7457 6451 1402 8101 516 3231 3432 7488 4265 6176 
13 7877 4207 4913 7794 9779 4046 5076 1747 3846 7852 8858 1400 5435 
14 372 7709 2006 2904 1491 7364 5070 6165 4029 4789 6378 7779 1238 3298 
11 1883 2605 6305 9364 7873 9508 6771 278 2760 7363 7948 
12 3579 3557 6280 2415 320 1716 8093 6669 3650 2860 7801 7597 
12 6912 8575 2930 4249 4711 5351 2505 4276 1761 3225 7863 2251 
14 3167 3105 7901 8257 8182 8212 477 2613 2913 698 2478 9248 4676 3595 
11 3029 8040 6526 1521 9790 5214 6558 3291 1214 264 5964 
12 8328 9104 8176 2548 9722 4256 3657 7626 3659 4519 5980 7978 
13 6836 4376 832 5437 947 4879 3946 821 4835 3506 3995 8183 5637 
12 2681 266 4966 7415 3340 720 8748 9985 7067 5518 8919 6388 
14 3596 4255 9743 7595 833 1186 689 1999 2557 6929 8145 3070 4010 5461 
10 2418 7843 1041 9939 7274 8129 4773 1049 6867 2361 
14 1406 9011 2787 1256 2220 6920 3495 2190 8410 1671 8577 2283 6943 2752 
12 583 4467 6333 9114 382 3269 7665 5341 3008 9221 289 7744 
15 5934 4475 9557 9751 691 4117 5472 4291 4044 2246 546 1448 1739 2679 8468 
13 2738 435 9497 715 2272 5603 1357 5134 1610 7447 1548 1 1158 
15 6965 5034 9144 1272 9737 4293 2332 1852 202 2264 1461 6590 3519 9383 9723 
11 7398 5285 6985 6279 8063 1524 9948 249 1959 6397 4471 
14 1040 8274 4088 8187 9273 5879 580 1436 5092 5268 600 1728 6052 4212 
13 8323 1206 377 2 7085 9832 9929 1839 8746 5947 8834 5946 7753 
14 2143 6058 2797 5256 4499 8951 1466 6283 1302 7547 9455 5177 5613 7100 
14 2426 8198 1500 9262 7691 3672 1177 9298 5701 6736 6346 8810 712 7310 
11 8309 3966 348 9641 7894 4636 9930 4491 967 591 6583 
14 4387 212 2140 3669 4087 1030 5219 8438 2856 3805 7560 7313 291 6257 
12 9406 5920 6647 3851 2375 5291 9510 1217 903 5396 1411 2593 
13 3384 6409 5263 8506 8918 9263 2924 2644 9490 3937 3379 1795 7824 
15 2020 9473 248 6340 4130 5764 8300 7732 5632 8220 3365 243 9007 132 4783 
13 8698 9452 8464 4481 8485 9987 7513 8160 3114 3933 9598 727 4361 
15 5808 1994 5783 7191 2270 9321 4663 3949 120 7730 931 547 6468 1683 8202 
12 3147 7232 2240 1470 5684 8545 3593 3082 330 5217 2443 2289 
10 6767 7846 4673 6031 9292 5849 385 4584 2817 3709 
14 3138 9744 1884 2867 5486 7812 3 9652 8200 3352 5209 1585 8451 9489 
14 957 5535 2639 66 1211 7267 282 5658 3416 6648 5228 7497 6535 3408 
14 5300 4586 1002 4227 6848 2515 3961 7418 520 9337 4254 9162 6789 5463 
16 6877 1221 9002 4485 461 4667 5957 5124 7551 1154 8524 3955 6891 4864 3180 7350 
11 245 4867 6316 2551 8667 7077 8296 1050 7802 8416 476 
12 9495 8791 7448 2790 8150 1963 2547 816 2944 2367 4692 3098 
10 8965 4664 8401 5829 6811 863 7608 7653 1762 3088 
11 9286 8878 572 9734 9816 3328 2932 1112 1296 858 8126 
13 1326 2105 7984 9694 1834 857 5565 1842 9578 6440 349 5506 5325 
11 5636 849 3746 4939 2525 9330 1396 5651 8689 2749 6988 
13 1970 8042 9537 9478 8547 3648 6387 2178 5511 7747 14 3206 7670 
13 3990 9830 2207 7150 3443 122 5913 5835 9299 717 8436 9597 5095 
14 29 661 9289 1250 1433 5243 7958 8339 1320 6957 9381 9147 7818 3662 
15 9563 6649 9402 802 1369 1299 161 9629 9111 4060 2476 6363 2013 4680 6465 
13 6689 3249 9696 146 6582 5689 1750 4587 839 8721 8944 75 3407 
16 6663 7512 6473 7628 1553 2648 6713 6597 8291 8889 1724 1434 7703 8354 4672 8327 
15 6541 8713 3833 6173 1721 8814 5184 7610 1235 4892 875 1673 436 8714 5410 
10 5996 3325 2885 133 457 6332 5101 693 2798 9868 
14 3311 730 7434 7941 402 9100 1840 1702 9602 2687 6660 8570 4927 9257 
12 9128 4875 9738 403 3798 2241 1294 2498 2042 2156 6951 5226 
14 4788 7687 8629 4836 9481 2315 8820 1937 4992 37 1283 7386 3920 4350 
13 4223 7323 7840 8973 3974 5954 5792 2552 7868 7782 4669 6005 1156 
11 5304 1113 5711 3482 9823 9070 5844 8813 2359 5940 3742 
15 1833 1407 902 1997 4656 4872 987 9376 9361 6205 6452 7470 2723 7803 1127 
15 2008 8892 665 3721 3839 2989 4270 3493 8492 3645 714 9900 3355 3336 8397 
15 1414 8376 7787 7309 1004 3295 4344 9570 9183 827 9344 815 7736 259 4311 
11 4260 493 3807 3205 9881 8188 4323 5032 7285 8906 7990 
14 8290 6012 5799 6587 6898 5748 3483 3550 4092 5807 3878 3192 7974 2155 
14 5213 8021 7255 2952 7808 5569 5008 4250 3210 8511 6072 8602 538 4492 
13 5359 5712 3993 1412 6751 5579 1768 267 8115 5196 2555 7484 675 
12 2641 4717 897 8990 8610 3667 9039 4100 5447 1096 2064 6112 
10 9679 9109 646 4147 9397 5870 4595 484 9310 1399 
12 5902 9595 5539 3326 7080 2000 7286 2645 1539 6945 5489 3010 
11 9182 9684 1831 4045 9874 3924 5622 1151 9293 6088 6509 
14 5881 8940 1738 7301 2846 1201 6407 5862 7619 8049 1253 6787 9883 5150 
11 2297 6871 1282 4279 7629 1668 1143 793 5328 4412 1216 
12 8521 9341 5279 4426 8413 399 2682 3354 8248 2925 1484 3369 
13 6842 6729 4331 7078 9784 9335 612 505 1583 4738 9066 7087 5935 
13 4781 6749 141 6865 6708 8628 2116 6678 6692 30 3186 9059 4971 
10 8346 9702 5847 2717 275 2084 8403 3293 9978 1159 
10 9845 7535 6850 683 7663 8103 2713 6793 2177 2139 
10 8902 1755 6657 1194 8601 3776 2803 9579 9942 5696 
12 1697 9769 4615 459 3765 5730 8991 6251 4096 4391 7520 441 
13 713 8848 8434 2352 3904 8193 482 5692 8842 1690 3309 8387 5742 
13 7097 5400 4784 8025 6565 7849 6540 3215 7886 5833 6210 7089 9131 
14 7117 4807 3453 6013 1981 8993 6414 6415 9724 2984 4114 7469 9210 1987 
10 5369 1729 6580 5001 6983 4204 9130 3796 9964 9377 
13 3779 164 9645 3466 4264 865 7417 2122 4603 5164 1847 4994 5979 
11 7224 2442 9981 8953 473 2016 1827 6254 7866 3720 9644 
15 4537 3334 3615 8876 1110 6857 3052 9425 5675 7656 9125 9091 9212 5121 4451 
14 168 2967 3663 843 8830 8785 8938 6298 6077 9222 8172 2157 5203 1966 
13 846 7203 1330 6730 3867 2062 4173 6215 276 2733 103 4982 1092 
10 9349 8988 6161 7081 7210 7507 6320 9170 5392 1001 
14 4200 9628 2261 1232 8038 8950 4493 6156 7072 9073 2716 9683 8295 9201 
13 7156 1223 6967 2397 9023 3159 485 9175 6376 5448 191 3670 1141 
14 5663 6969 5014 6821 6982 230 1471 1493 7294 6408 9006 4082 8626 9517 
13 1142 6523 1062 8952 9205 1741 3135 1857 1775 6092 5560 430 0 
14 739 7574 6356 6247 3862 5305 8426 552 699 8662 8697 9911 5762 6723 
13 4546 3050 660 7010 9789 2470 3470 7750 6813 6578 1270 6845 9663 
12 741 1192 1871 5626 6882 841 1886 4571 4235 8286 1661 1056 
13 5237 2399 9712 6946 5188 4136 4805 5323 5352 319 767 9169 9615 
12 6884 1723 7209 1942 194 9457 694 5872 5267 2063 4998 7426 
11 7468 9000 2159 6567 6375 130 4482 33 469 5806 1139 
14 2327 6752 5888 4709 4787 7650 1045 6203 7914 8496 8754 1268 4728 3929 
11 4863 1046 4496 8421 1012 8926 3788 62 3767 2218 6895 
14 8840 2657 6634 3775 8800 7967 7757 4770 9458 2590 9575 9529 8206 3356 
13 1332 7792 9485 7916 3710 6548 4624 6743 6738 4477 7775 8608 1817 
9 7580 6538 9272 582 293 5559 4528 9269 4553 
13 8520 6966 3986 7237 9194 7543 8603 8772 6726 3800 3243 4905 3302 
9 8227 2805 5525 2033 4613 4004 7734 4567 4751 
12 6984 8806 4937 7384 1537 7392 8933 412 1566 7480 8130 5778 
13 5377 4245 993 2568 4248 9118 1393 9884 5908 121 988 3280 2421 
14 1637 128 1580 9276 9284 2729 4121 5715 5534 6714 2215 9379 8765 3652 
13 3651 4666 9576 5009 1424 6268 1449 1891 8254 1678 7639 4904 4337 
13 55 5757 506 708 5709 9213 6977 1629 5706 2906 2396 3151 6544 
10 5182 494 4352 3474 7648 4433 253 113 7400 9338 
12 6493 4869 5433 254 3625 3905 5708 2051 7195 3348 3766 7432 
11 8783 7372 6818 313 1048 3222 250 4043 4011 5148 7437 
14 6633 8823 2180 2652 4944 5583 1733 8821 8817 4822 7299 7905 4956 298 
14 7561 2975 7602 2982 8595 2206 2319 1914 4623 3319 4798 6171 5780 5364 
13 5245 1564 507 3793 1692 4744 7205 8564 1911 4912 3706 4765 8402 
12 6198 7686 5082 9632 7791 9795 8446 2495 5255 7280 8663 7485 
12 9045 9065 949 5941 3699 1502 3221 8357 9892 7664 8986 6792 
13 1803 4749 1700 3799 4758 6756 9879 2990 356 4791 4859 9589 5633 
10 5425 8194 6907 9026 742 4219 5882 7715 8060 6591 
13 9735 4300 8033 2835 5054 7098 7987 2882 116 3707 628 9332 5499 
14 6168 2235 607 7066 4266 9152 6970 9709 9055 6604 407 7697 140 3380 
13 3773 4602 415 2969 2614 5679 3843 6975 2093 8469 7158 5141 8941 
11 2928 671 1415 4014 272 9556 9132 3930 6880 3598 1481 
13 5466 1102 8272 9980 4125 8009 8314 1561 2052 1649 2842 3563 6545 
12 1276 6392 9836 6873 83 4388 7536 4453 6183 9622 1483 2103 
15 7401 2748 9030 3370 4986 7316 2722 5495 4682 5411 1065 9943 5290 1882 831 
11 8207 8854 5457 8326 9179 7562 8691 8498 7339 7082 4469 
12 5818 3885 7882 8827 4566 5238 9837 871 8912 1122 7672 1274 
12 7013 7172 6814 5803 4832 9804 9889 3747 1541 288 673 2469 
13 8774 3073 354 674 365 458 1504 1042 8961 1117 5789 1901 5068 
12 4048 9859 7682 1955 4064 6272 3847 7137 2980 9653 4075 2847 
12 1838 9815 9180 9054 6181 3691 2468 5169 2832 9500 7127 9056 
12 8766 4652 4213 1264 4645 6155 5959 4871 7461 8256 1925 3287 
11 6879 6722 3233 8873 3894 9268 9426 9841 9643 9717 1128 
8 1013 5816 2187 4924 1031 326 8306 7337 
12 2061 9613 2802 4209 3487 6030 6245 723 8400 2189 4573 9781 
9 7804 9785 4957 8470 6116 5403 6551 4516 1736 
12 7380 9158 8981 9328 6420 9159 219 578 3502 6788 5657 7257 
10 780 982 4696 8620 7999 9799 4852 904 8472 1442 
14 2233 6455 7226 876 6345 405 4979 9185 7360 6094 404 1536 5455 1379 
10 3826 5212 2751 3686 4840 1672 3570 2333 1036 8683 
8 7444 1872 8583 2279 9704 3037 574 9301 
11 8915 3054 8263 1392 4058 2921 4221 2804 803 1600 5985 
12 8739 5620 7245 2898 1861 3433 6800 6308 7698 1241 3091 1751 
11 3475 6615 7109 3117 2076 9821 8819 1617 3977 6585 6487 
13 5743 98 8615 5995 1681 9666 5006 7277 5734 373 6436 4419 8336 
11 6815 4404 5994 2710 2745 5906 518 1196 6854 8457 4646 
12 3666 2954 7440 352 2213 512 5574 5271 5298 4896 411 5485 
15 3160 5777 2663 7811 1248 3907 4698 3332 7474 1687 7529 9605 2943 9241 7481 
11 4877 3866 1634 3381 2996 7587 1921 2306 3315 911 2922 
14 2523 6360 3220 990 9950 8268 9410 4617 2602 7998 806 8347 8680 1161 
9 697 2167 3119 1523 6699 744 9636 7108 3827 
12 3430 5662 6367 688 1870 782 2068 6774 3003 6140 8647 5011 
10 3362 8407 8590 658 9237 5929 3473 384 1748 6573 
12 4285 1693 6762 1639 5123 3940 6504 7091 2570 2242 6175 7295 
9 1251 7464 7014 5050 2414 2086 4016 9519 7161 
13 5491 8816 2927 39 7394 74 8361 1932 7531 339 450 1969 3716 
13 2079 7874 2900 4119 5021 2039 285 3266 2948 6532 2549 4375 5373 
15 1734 6125 1676 8510 8173 3537 1352 7741 508 9592 8500 4660 8151 7436 2409 
14 3640 4196 9620 5405 5700 1783 1266 4876 2111 7827 2344 3248 5119 6458 
13 8420 5112 3403 8035 2121 428 4906 847 9188 105 167 7991 6266 
12 1489 2118 9116 6672 3278 7344 2892 4828 5343 3548 3040 8352 
13 4495 7891 2074 5557 4685 2248 4857 8209 5211 8427 4229 3093 3387 
13 9463 2216 2482 8266 7296 1198 9983 5582 5909 8307 3876 2719 9048 
12 5500 5566 4605 3685 6772 716 7508 4804 6277 8776 2966 4236 
12 6662 7876 2171 1598 6858 596 2299 9870 9083 2028 7431 598 
9 7325 4591 9407 27 6829 6488 9856 6876 2728 
10 7355 7857 4429 5023 481 7960 6309 1904 5346 9591 
9 5161 4705 7342 6197 7579 8624 4989 7613 274 
11 9586 3636 5250 2634 7661 7414 9143 5943 347 5630 9531 
12 9543 3921 8831 2320 6930 2513 3939 2662 9718 6056 3964 631 
12 4558 5756 9897 9810 6563 1828 4007 4074 2350 2705 5796 1259 
13 4583 7379 9475 3621 2021 1804 4988 9902 8646 7805 7435 486 653 
12 6321 2304 2115 2670 4970 8550 7397 3006 6801 4272 3415 7044 
12 5885 9487 8368 709 9167 7143 4777 2351 1342 503 8849 3591 
15 8395 1689 2338 292 3785 2281 2959 425 290 6862 4503 6628 850 7073 7184 
13 9046 6498 2355 7724 5976 8750 521 4356 2642 8005 1648 8084 6448 
14 1873 751 3952 4690 7707 7570 214 678 5099 4166 2161 4427 6065 3431 
15 8731 3149 3991 9171 5815 9611 680 6020 877 883 1854 2001 6310 3642 6595 
13 7810 5017 8079 2126 9160 9224 3574 7556 6385 8969 3635 4548 2550 
10 9920 3566 1146 2501 2874 4523 6100 7853 4785 5718 
11 7347 9264 3573 3016 9101 9089 8720 3979 5053 8058 4069 
13 4066 3092 8768 881 7770 6602 4369 8293 6727 2524 6108 5170 983 
12 8670 3789 1081 7830 7009 545 4395 4326 4565 2379 6318 4949 
12 5860 6208 908 2228 1297 6164 2285 9320 5681 640 959 8581 
10 3608 2174 4394 1078 1756 332 346 8358 6779 5142 
12 6159 5699 6825 3754 6605 7365 6620 8029 9093 919 4032 4079 
12 5769 2132 5837 9482 8843 252 1328 5479 7961 4464 4438 2595 
12 7193 6659 9474 2649 8656 8228 3212 4037 5755 4380 5752 4604 
9 3708 3169 5514 639 965 2345 3154 5036 3760 
11 6021 1949 1319 2596 8161 6996 3874 2849 3944 8735 8461 
14 7119 7567 2937 4819 8960 4834 6068 9357 9460 7966 6231 2779 5591 9391 
13 6450 4938 9809 2330 8237 938 7737 544 9315 2043 1073 4769 2298 
11 6550 3729 2916 8896 3701 9872 5336 6341 6852 6732 2490 
11 9631 475 2477 7389 8798 3842 6312 4409 8064 9258 6933 
11 1005 3740 9249 3910 6179 4878 2045 7060 5965 6301 1488 
12 3199 6480 9496 5394 9424 5453 4358 4486 6328 7027 9656 7760 
13 8179 4703 7208 6832 970 1224 5027 5804 6554 3996 7583 3400 471 
14 2324 9633 4953 353 5163 8539 9012 7778 1017 9155 427 192 8701 1210 
13 3104 2382 9710 7769 4443 5360 1767 5522 1531 9857 9094 3844 9937 
12 9382 6584 8617 2164 9554 90 1365 1370 2201 5617 366 2615 
